2018-10-02 11:32:54,420 - __main__ - INFO - Examining product B074F4CPYJ
2018-10-02 11:32:55,305 - __main__ - INFO - found 469 proxies
2018-10-02 11:32:55,306 - __main__ - INFO - https://www.amazon.com/ask/questions/asin/B074F4CPYJ
2018-10-02 11:32:56,325 - __main__ - INFO - found 0 questions for product B074F4CPYJ
2018-10-02 11:32:56,326 - __main__ - INFO - failed 0 urls for product B074F4CPYJ
2018-10-02 11:32:56,328 - __main__ - INFO - Examining product B06Y5LXM9T
2018-10-02 11:32:57,059 - __main__ - INFO - found 469 proxies
2018-10-02 11:32:57,061 - __main__ - INFO - https://www.amazon.com/ask/questions/asin/B06Y5LXM9T
2018-10-02 11:32:57,236 - __main__ - WARNING - Robot Check received
2018-10-02 11:32:57,236 - __main__ - INFO - https://www.amazon.com/ask/questions/asin/B06Y5LXM9T
2018-10-02 11:32:57,413 - __main__ - WARNING - Robot Check received
2018-10-02 11:32:57,414 - __main__ - INFO - https://www.amazon.com/ask/questions/asin/B06Y5LXM9T
2018-10-02 11:32:57,588 - __main__ - WARNING - Robot Check received
2018-10-02 11:32:57,588 - __main__ - INFO - https://www.amazon.com/ask/questions/asin/B06Y5LXM9T
2018-10-02 11:32:58,082 - __main__ - INFO - found 0 questions for product B06Y5LXM9T
2018-10-02 11:32:58,082 - __main__ - INFO - failed 0 urls for product B06Y5LXM9T
2018-10-02 11:32:58,084 - __main__ - INFO - Examining product B073SDGM2V
2018-10-02 11:32:58,890 - __main__ - INFO - found 469 proxies
2018-10-02 11:32:58,891 - __main__ - INFO - https://www.amazon.com/ask/questions/asin/B073SDGM2V
2018-10-02 11:32:59,062 - __main__ - WARNING - Robot Check received
2018-10-02 11:32:59,063 - __main__ - INFO - https://www.amazon.com/ask/questions/asin/B073SDGM2V
2018-10-02 11:32:59,233 - __main__ - WARNING - Robot Check received
2018-10-02 11:32:59,233 - __main__ - INFO - https://www.amazon.com/ask/questions/asin/B073SDGM2V
2018-10-02 11:33:00,292 - __main__ - INFO - found 1 questions for product B073SDGM2V
2018-10-02 11:33:00,293 - __main__ - INFO - failed 0 urls for product B073SDGM2V
2018-10-02 11:33:00,296 - __main__ - INFO - Examining product B07FP37XFX
2018-10-02 11:33:01,055 - __main__ - INFO - found 469 proxies
2018-10-02 11:33:01,056 - __main__ - INFO - https://www.amazon.com/ask/questions/asin/B07FP37XFX
2018-10-02 11:33:01,839 - __main__ - INFO - found 0 questions for product B07FP37XFX
2018-10-02 11:33:01,841 - __main__ - INFO - failed 0 urls for product B07FP37XFX
2018-10-02 11:33:01,842 - __main__ - INFO - Examining product B06XN6HD91
2018-10-02 11:33:02,572 - __main__ - INFO - found 469 proxies
2018-10-02 11:33:02,573 - __main__ - INFO - https://www.amazon.com/ask/questions/asin/B06XN6HD91
2018-10-02 11:33:02,746 - __main__ - WARNING - Robot Check received
2018-10-02 11:33:02,747 - __main__ - INFO - https://www.amazon.com/ask/questions/asin/B06XN6HD91
2018-10-02 11:33:04,118 - __main__ - INFO - found 0 questions for product B06XN6HD91
2018-10-02 11:33:04,118 - __main__ - INFO - failed 0 urls for product B06XN6HD91
2018-10-02 11:33:04,121 - __main__ - INFO - Examining product B06XDJP2WX
2018-10-02 11:33:04,940 - __main__ - INFO - found 469 proxies
2018-10-02 11:33:04,941 - __main__ - INFO - https://www.amazon.com/ask/questions/asin/B06XDJP2WX
2018-10-02 11:33:05,770 - __main__ - DEBUG - Robot Check not passed for url https://www.amazon.com/ask/questions/asin/B06XDJP2WX/0/ref=ask_ql_psf_ql_hza
2018-10-02 11:33:05,941 - __main__ - DEBUG - Robot Check not passed for url https://www.amazon.com/ask/questions/asin/B06XDJP2WX/0/ref=ask_ql_psf_ql_hza
2018-10-02 11:33:06,388 - __main__ - INFO - found 6 questions for product B06XDJP2WX
2018-10-02 11:33:06,388 - __main__ - INFO - failed 0 urls for product B06XDJP2WX
2018-10-02 11:33:06,394 - __main__ - INFO - Examining product B07F6Q64W4
2018-10-02 11:33:07,144 - __main__ - INFO - found 469 proxies
2018-10-02 11:33:07,145 - __main__ - INFO - https://www.amazon.com/ask/questions/asin/B07F6Q64W4
2018-10-02 11:33:07,821 - __main__ - DEBUG - Robot Check not passed for url https://www.amazon.com/ask/questions/asin/B07F6Q64W4/0/ref=ask_ql_psf_ql_hza
2018-10-02 11:33:08,336 - __main__ - INFO - found 1 questions for product B07F6Q64W4
2018-10-02 11:33:08,336 - __main__ - INFO - failed 0 urls for product B07F6Q64W4
2018-10-02 11:33:08,338 - __main__ - INFO - Examining product B075KNSDR7
2018-10-02 11:33:09,130 - __main__ - INFO - found 469 proxies
2018-10-02 11:33:09,131 - __main__ - INFO - https://www.amazon.com/ask/questions/asin/B075KNSDR7
2018-10-02 11:33:09,302 - __main__ - WARNING - Robot Check received
2018-10-02 11:33:09,303 - __main__ - INFO - https://www.amazon.com/ask/questions/asin/B075KNSDR7
2018-10-02 11:33:09,473 - __main__ - WARNING - Robot Check received
2018-10-02 11:33:09,473 - __main__ - INFO - https://www.amazon.com/ask/questions/asin/B075KNSDR7
2018-10-02 11:33:09,641 - __main__ - WARNING - Robot Check received
2018-10-02 11:33:09,641 - __main__ - INFO - https://www.amazon.com/ask/questions/asin/B075KNSDR7
2018-10-02 11:33:10,352 - __main__ - INFO - found 0 questions for product B075KNSDR7
2018-10-02 11:33:10,352 - __main__ - INFO - failed 0 urls for product B075KNSDR7
2018-10-02 11:33:10,354 - __main__ - INFO - Examining product B073SCXP26
2018-10-02 11:33:11,071 - __main__ - INFO - found 469 proxies
2018-10-02 11:33:11,072 - __main__ - INFO - https://www.amazon.com/ask/questions/asin/B073SCXP26
2018-10-02 11:33:11,265 - __main__ - WARNING - Robot Check received
2018-10-02 11:33:11,266 - __main__ - INFO - https://www.amazon.com/ask/questions/asin/B073SCXP26
2018-10-02 11:33:11,997 - __main__ - INFO - found 0 questions for product B073SCXP26
2018-10-02 11:33:11,997 - __main__ - INFO - failed 0 urls for product B073SCXP26
2018-10-02 11:33:11,999 - __main__ - INFO - Examining product B017SCZY5S
2018-10-02 11:33:12,806 - __main__ - INFO - found 469 proxies
2018-10-02 11:33:12,808 - __main__ - INFO - https://www.amazon.com/ask/questions/asin/B017SCZY5S
2018-10-02 11:33:13,476 - __main__ - DEBUG - Robot Check not passed for url https://www.amazon.com/ask/questions/asin/B017SCZY5S/0/ref=ask_ql_psf_ql_hza
2018-10-02 11:33:13,680 - __main__ - DEBUG - Robot Check not passed for url https://www.amazon.com/ask/questions/asin/B017SCZY5S/0/ref=ask_ql_psf_ql_hza
2018-10-02 11:33:14,128 - __main__ - INFO - found 4 questions for product B017SCZY5S
2018-10-02 11:33:14,130 - __main__ - INFO - failed 0 urls for product B017SCZY5S
2018-10-02 11:33:14,131 - __main__ - INFO - Examining product B01I2YSG74
2018-10-02 11:33:14,868 - __main__ - INFO - found 469 proxies
2018-10-02 11:33:14,869 - __main__ - INFO - https://www.amazon.com/ask/questions/asin/B01I2YSG74
2018-10-02 11:33:15,043 - __main__ - WARNING - Robot Check received
2018-10-02 11:33:15,043 - __main__ - INFO - https://www.amazon.com/ask/questions/asin/B01I2YSG74
2018-10-02 11:33:15,221 - __main__ - WARNING - Robot Check received
2018-10-02 11:33:15,223 - __main__ - INFO - https://www.amazon.com/ask/questions/asin/B01I2YSG74
2018-10-02 11:33:16,845 - __main__ - INFO - found 1 questions for product B01I2YSG74
2018-10-02 11:33:16,846 - __main__ - INFO - failed 0 urls for product B01I2YSG74
2018-10-02 11:33:16,848 - __main__ - INFO - Examining product B06XXKQP32
2018-10-02 11:33:17,645 - __main__ - INFO - found 469 proxies
2018-10-02 11:33:17,647 - __main__ - INFO - https://www.amazon.com/ask/questions/asin/B06XXKQP32
2018-10-02 11:33:18,740 - __main__ - INFO - found 2 questions for product B06XXKQP32
2018-10-02 11:33:18,740 - __main__ - INFO - failed 0 urls for product B06XXKQP32
2018-10-02 11:33:18,742 - __main__ - INFO - Examining product B01F4S7VZY
2018-10-02 11:33:19,447 - __main__ - INFO - found 469 proxies
2018-10-02 11:33:19,448 - __main__ - INFO - https://www.amazon.com/ask/questions/asin/B01F4S7VZY
2018-10-02 11:33:20,487 - __main__ - INFO - found 2 questions for product B01F4S7VZY
2018-10-02 11:33:20,487 - __main__ - INFO - failed 0 urls for product B01F4S7VZY
2018-10-02 11:33:20,490 - __main__ - INFO - Examining product B073SD1V2K
2018-10-02 11:33:21,266 - __main__ - INFO - found 469 proxies
2018-10-02 11:33:21,267 - __main__ - INFO - https://www.amazon.com/ask/questions/asin/B073SD1V2K
2018-10-02 11:33:21,703 - __main__ - INFO - found 0 questions for product B073SD1V2K
2018-10-02 11:33:21,703 - __main__ - INFO - failed 0 urls for product B073SD1V2K
2018-10-02 11:33:21,704 - __main__ - INFO - Examining product B073SDNF7M
2018-10-02 11:33:22,401 - __main__ - INFO - found 469 proxies
2018-10-02 11:33:22,401 - __main__ - INFO - https://www.amazon.com/ask/questions/asin/B073SDNF7M
2018-10-02 11:33:22,592 - __main__ - WARNING - Robot Check received
2018-10-02 11:33:22,592 - __main__ - INFO - https://www.amazon.com/ask/questions/asin/B073SDNF7M
2018-10-02 11:33:22,769 - __main__ - WARNING - Robot Check received
2018-10-02 11:33:22,769 - __main__ - INFO - https://www.amazon.com/ask/questions/asin/B073SDNF7M
2018-10-02 11:33:22,944 - __main__ - WARNING - Robot Check received
2018-10-02 11:33:22,944 - __main__ - INFO - https://www.amazon.com/ask/questions/asin/B073SDNF7M
2018-10-02 11:33:23,118 - __main__ - WARNING - Robot Check received
2018-10-02 11:33:23,119 - __main__ - INFO - https://www.amazon.com/ask/questions/asin/B073SDNF7M
2018-10-02 11:33:23,306 - __main__ - WARNING - Robot Check received
2018-10-02 11:33:23,308 - __main__ - INFO - https://www.amazon.com/ask/questions/asin/B073SDNF7M
2018-10-02 11:33:24,246 - __main__ - INFO - found 1 questions for product B073SDNF7M
2018-10-02 11:33:24,246 - __main__ - INFO - failed 0 urls for product B073SDNF7M
2018-10-02 11:33:24,247 - __main__ - INFO - Examining product B01N7D5QAH
2018-10-02 11:33:24,961 - __main__ - INFO - found 469 proxies
2018-10-02 11:33:24,963 - __main__ - INFO - https://www.amazon.com/ask/questions/asin/B01N7D5QAH
2018-10-02 11:33:25,867 - __main__ - DEBUG - Robot Check not passed for url https://www.amazon.com/ask/questions/asin/B01N7D5QAH/0/ref=ask_ql_psf_ql_hza
2018-10-02 11:33:26,474 - __main__ - INFO - found 3 questions for product B01N7D5QAH
2018-10-02 11:33:26,474 - __main__ - INFO - failed 0 urls for product B01N7D5QAH
2018-10-02 11:33:26,476 - __main__ - INFO - Examining product B01II6AJOE
2018-10-02 11:33:27,272 - __main__ - INFO - found 469 proxies
2018-10-02 11:33:27,273 - __main__ - INFO - https://www.amazon.com/ask/questions/asin/B01II6AJOE
2018-10-02 11:33:27,459 - __main__ - WARNING - Robot Check received
2018-10-02 11:33:27,460 - __main__ - INFO - https://www.amazon.com/ask/questions/asin/B01II6AJOE
2018-10-02 11:33:27,641 - __main__ - WARNING - Robot Check received
2018-10-02 11:33:27,641 - __main__ - INFO - https://www.amazon.com/ask/questions/asin/B01II6AJOE
2018-10-02 11:33:27,816 - __main__ - WARNING - Robot Check received
2018-10-02 11:33:27,818 - __main__ - INFO - https://www.amazon.com/ask/questions/asin/B01II6AJOE
2018-10-02 11:33:28,875 - __main__ - INFO - found 8 questions for product B01II6AJOE
2018-10-02 11:33:28,875 - __main__ - INFO - failed 0 urls for product B01II6AJOE
2018-10-02 11:33:28,878 - __main__ - INFO - Examining product B01ANXAAAS
2018-10-02 11:33:29,605 - __main__ - INFO - found 469 proxies
2018-10-02 11:33:29,607 - __main__ - INFO - https://www.amazon.com/ask/questions/asin/B01ANXAAAS
2018-10-02 11:33:30,286 - __main__ - DEBUG - Robot Check not passed for url https://www.amazon.com/ask/questions/asin/B01ANXAAAS/0/ref=ask_ql_psf_ql_hza
2018-10-02 11:33:30,306 - __main__ - DEBUG - Robot Check not passed for url https://www.amazon.com/ask/questions/asin/B01ANXAAAS/1/ref=ask_ql_psf_ql_hza
2018-10-02 11:33:30,482 - __main__ - DEBUG - Robot Check not passed for url https://www.amazon.com/ask/questions/asin/B01ANXAAAS/1/ref=ask_ql_psf_ql_hza
2018-10-02 11:33:30,657 - __main__ - DEBUG - Robot Check not passed for url https://www.amazon.com/ask/questions/asin/B01ANXAAAS/1/ref=ask_ql_psf_ql_hza
2018-10-02 11:33:31,142 - __main__ - INFO - found 20 questions for product B01ANXAAAS
2018-10-02 11:33:31,145 - __main__ - INFO - failed 0 urls for product B01ANXAAAS
2018-10-02 11:33:31,148 - __main__ - INFO - Examining product B06XDJP3RF
2018-10-02 11:33:31,921 - __main__ - INFO - found 469 proxies
2018-10-02 11:33:31,921 - __main__ - INFO - https://www.amazon.com/ask/questions/asin/B06XDJP3RF
2018-10-02 11:33:32,792 - __main__ - DEBUG - Robot Check not passed for url https://www.amazon.com/ask/questions/asin/B06XDJP3RF/0/ref=ask_ql_psf_ql_hza
2018-10-02 11:33:33,016 - __main__ - DEBUG - Robot Check not passed for url https://www.amazon.com/ask/questions/asin/B06XDJP3RF/0/ref=ask_ql_psf_ql_hza
2018-10-02 11:33:33,190 - __main__ - DEBUG - Robot Check not passed for url https://www.amazon.com/ask/questions/asin/B06XDJP3RF/0/ref=ask_ql_psf_ql_hza
2018-10-02 11:33:33,365 - __main__ - DEBUG - Robot Check not passed for url https://www.amazon.com/ask/questions/asin/B06XDJP3RF/0/ref=ask_ql_psf_ql_hza
2018-10-02 11:33:33,565 - __main__ - DEBUG - Robot Check not passed for url https://www.amazon.com/ask/questions/asin/B06XDJP3RF/0/ref=ask_ql_psf_ql_hza
2018-10-02 11:33:34,121 - __main__ - INFO - found 1 questions for product B06XDJP3RF
2018-10-02 11:33:34,121 - __main__ - INFO - failed 0 urls for product B06XDJP3RF
2018-10-02 11:33:34,122 - __main__ - INFO - Examining product B06WGKYSPD
2018-10-02 11:33:34,835 - __main__ - INFO - found 469 proxies
2018-10-02 11:33:34,835 - __main__ - INFO - https://www.amazon.com/ask/questions/asin/B06WGKYSPD
2018-10-02 11:33:35,023 - __main__ - WARNING - Robot Check received
2018-10-02 11:33:35,023 - __main__ - INFO - https://www.amazon.com/ask/questions/asin/B06WGKYSPD
2018-10-02 11:33:35,223 - __main__ - WARNING - Robot Check received
2018-10-02 11:33:35,223 - __main__ - INFO - https://www.amazon.com/ask/questions/asin/B06WGKYSPD
2018-10-02 11:33:35,401 - __main__ - WARNING - Robot Check received
2018-10-02 11:33:35,401 - __main__ - INFO - https://www.amazon.com/ask/questions/asin/B06WGKYSPD
2018-10-02 11:33:35,585 - __main__ - WARNING - Robot Check received
2018-10-02 11:33:35,585 - __main__ - INFO - https://www.amazon.com/ask/questions/asin/B06WGKYSPD
2018-10-02 11:33:36,184 - __main__ - DEBUG - Robot Check not passed for url https://www.amazon.com/ask/questions/asin/B06WGKYSPD/0/ref=ask_ql_psf_ql_hza
2018-10-02 11:33:36,701 - __main__ - INFO - found 4 questions for product B06WGKYSPD
2018-10-02 11:33:36,701 - __main__ - INFO - failed 0 urls for product B06WGKYSPD
2018-10-02 11:33:36,703 - __main__ - INFO - Examining product B01I2YPKP0
2018-10-02 11:33:37,502 - __main__ - INFO - found 469 proxies
2018-10-02 11:33:37,503 - __main__ - INFO - https://www.amazon.com/ask/questions/asin/B01I2YPKP0
2018-10-02 11:33:38,161 - __main__ - DEBUG - Robot Check not passed for url https://www.amazon.com/ask/questions/asin/B01I2YPKP0/0/ref=ask_ql_psf_ql_hza
2018-10-02 11:33:38,336 - __main__ - DEBUG - Robot Check not passed for url https://www.amazon.com/ask/questions/asin/B01I2YPKP0/0/ref=ask_ql_psf_ql_hza
2018-10-02 11:33:38,536 - __main__ - DEBUG - Robot Check not passed for url https://www.amazon.com/ask/questions/asin/B01I2YPKP0/0/ref=ask_ql_psf_ql_hza
2018-10-02 11:33:38,714 - __main__ - DEBUG - Robot Check not passed for url https://www.amazon.com/ask/questions/asin/B01I2YPKP0/0/ref=ask_ql_psf_ql_hza
2018-10-02 11:33:38,907 - __main__ - DEBUG - Robot Check not passed for url https://www.amazon.com/ask/questions/asin/B01I2YPKP0/0/ref=ask_ql_psf_ql_hza
2018-10-02 11:33:39,499 - __main__ - INFO - found 1 questions for product B01I2YPKP0
2018-10-02 11:33:39,500 - __main__ - INFO - failed 0 urls for product B01I2YPKP0
2018-10-02 11:33:39,500 - __main__ - INFO - Examining product B073JXJ5DB
2018-10-02 11:33:40,203 - __main__ - INFO - found 469 proxies
2018-10-02 11:33:40,204 - __main__ - INFO - https://www.amazon.com/ask/questions/asin/B073JXJ5DB
2018-10-02 11:33:40,391 - __main__ - WARNING - Robot Check received
2018-10-02 11:33:40,391 - __main__ - INFO - https://www.amazon.com/ask/questions/asin/B073JXJ5DB
2018-10-02 11:33:40,573 - __main__ - WARNING - Robot Check received
2018-10-02 11:33:40,579 - __main__ - INFO - https://www.amazon.com/ask/questions/asin/B073JXJ5DB
2018-10-02 11:33:41,282 - __main__ - DEBUG - Robot Check not passed for url https://www.amazon.com/ask/questions/asin/B073JXJ5DB/0/ref=ask_ql_psf_ql_hza
2018-10-02 11:33:41,459 - __main__ - DEBUG - Robot Check not passed for url https://www.amazon.com/ask/questions/asin/B073JXJ5DB/0/ref=ask_ql_psf_ql_hza
2018-10-02 11:33:41,650 - __main__ - DEBUG - Robot Check not passed for url https://www.amazon.com/ask/questions/asin/B073JXJ5DB/0/ref=ask_ql_psf_ql_hza
2018-10-02 11:33:41,825 - __main__ - DEBUG - Robot Check not passed for url https://www.amazon.com/ask/questions/asin/B073JXJ5DB/0/ref=ask_ql_psf_ql_hza
2018-10-02 11:33:42,309 - __main__ - INFO - found 3 questions for product B073JXJ5DB
2018-10-02 11:33:42,309 - __main__ - INFO - failed 0 urls for product B073JXJ5DB
2018-10-02 11:33:42,313 - __main__ - INFO - Examining product B06XCVDFQ3
2018-10-02 11:33:43,125 - __main__ - INFO - found 469 proxies
2018-10-02 11:33:43,125 - __main__ - INFO - https://www.amazon.com/ask/questions/asin/B06XCVDFQ3
2018-10-02 11:33:43,306 - __main__ - WARNING - Robot Check received
2018-10-02 11:33:43,308 - __main__ - INFO - https://www.amazon.com/ask/questions/asin/B06XCVDFQ3
2018-10-02 11:33:44,450 - __main__ - INFO - found 1 questions for product B06XCVDFQ3
2018-10-02 11:33:44,450 - __main__ - INFO - failed 0 urls for product B06XCVDFQ3
2018-10-02 11:33:44,451 - __main__ - INFO - Examining product B07D6X47JQ
2018-10-02 11:33:45,256 - __main__ - INFO - found 469 proxies
2018-10-02 11:33:45,256 - __main__ - INFO - https://www.amazon.com/ask/questions/asin/B07D6X47JQ
2018-10-02 11:33:45,753 - __main__ - INFO - found 0 questions for product B07D6X47JQ
2018-10-02 11:33:45,753 - __main__ - INFO - failed 0 urls for product B07D6X47JQ
2018-10-02 11:33:45,755 - __main__ - INFO - Examining product B077DL791W
2018-10-02 11:33:46,569 - __main__ - INFO - found 469 proxies
2018-10-02 11:33:46,569 - __main__ - INFO - https://www.amazon.com/ask/questions/asin/B077DL791W
2018-10-02 11:33:46,747 - __main__ - WARNING - Robot Check received
2018-10-02 11:33:46,749 - __main__ - INFO - https://www.amazon.com/ask/questions/asin/B077DL791W
2018-10-02 11:33:47,911 - __main__ - INFO - found 2 questions for product B077DL791W
2018-10-02 11:33:47,911 - __main__ - INFO - failed 0 urls for product B077DL791W
2018-10-02 11:33:47,914 - __main__ - INFO - Examining product B010J7ZW88
2018-10-02 11:33:48,654 - __main__ - INFO - found 469 proxies
2018-10-02 11:33:48,654 - __main__ - INFO - https://www.amazon.com/ask/questions/asin/B010J7ZW88
2018-10-02 11:33:48,845 - __main__ - WARNING - Robot Check received
2018-10-02 11:33:48,845 - __main__ - INFO - https://www.amazon.com/ask/questions/asin/B010J7ZW88
2018-10-02 11:33:50,555 - __main__ - INFO - found 20 questions for product B010J7ZW88
2018-10-02 11:33:50,555 - __main__ - INFO - failed 0 urls for product B010J7ZW88
2018-10-02 11:33:50,556 - __main__ - INFO - Examining product B074F388BG
2018-10-02 11:33:51,447 - __main__ - INFO - found 469 proxies
2018-10-02 11:33:51,447 - __main__ - INFO - https://www.amazon.com/ask/questions/asin/B074F388BG
2018-10-02 11:33:52,082 - __main__ - INFO - found 0 questions for product B074F388BG
2018-10-02 11:33:52,082 - __main__ - INFO - failed 0 urls for product B074F388BG
2018-10-02 11:33:52,085 - __main__ - INFO - Examining product B073SCLJMQ
2018-10-02 11:33:52,805 - __main__ - INFO - found 469 proxies
2018-10-02 11:33:52,805 - __main__ - INFO - https://www.amazon.com/ask/questions/asin/B073SCLJMQ
2018-10-02 11:33:52,979 - __main__ - WARNING - Robot Check received
2018-10-02 11:33:52,980 - __main__ - INFO - https://www.amazon.com/ask/questions/asin/B073SCLJMQ
2018-10-02 11:33:53,147 - __main__ - WARNING - Robot Check received
2018-10-02 11:33:53,148 - __main__ - INFO - https://www.amazon.com/ask/questions/asin/B073SCLJMQ
2018-10-02 11:33:53,322 - __main__ - WARNING - Robot Check received
2018-10-02 11:33:53,323 - __main__ - INFO - https://www.amazon.com/ask/questions/asin/B073SCLJMQ
2018-10-02 11:33:54,598 - __main__ - INFO - found 2 questions for product B073SCLJMQ
2018-10-02 11:33:54,601 - __main__ - INFO - failed 0 urls for product B073SCLJMQ
2018-10-02 11:33:54,602 - __main__ - INFO - Examining product B079MF3NTK
2018-10-02 11:33:55,326 - __main__ - INFO - found 469 proxies
2018-10-02 11:33:55,328 - __main__ - INFO - https://www.amazon.com/ask/questions/asin/B079MF3NTK
2018-10-02 11:33:56,371 - __main__ - INFO - found 1 questions for product B079MF3NTK
2018-10-02 11:33:56,372 - __main__ - INFO - failed 0 urls for product B079MF3NTK
2018-10-02 11:33:56,374 - __main__ - INFO - Examining product B0183BZDQI
2018-10-02 11:33:57,191 - __main__ - INFO - found 469 proxies
2018-10-02 11:33:57,193 - __main__ - INFO - https://www.amazon.com/ask/questions/asin/B0183BZDQI
2018-10-02 11:33:57,959 - __main__ - DEBUG - Robot Check not passed for url https://www.amazon.com/ask/questions/asin/B0183BZDQI/1/ref=ask_ql_psf_ql_hza
2018-10-02 11:33:58,033 - __main__ - DEBUG - Robot Check not passed for url https://www.amazon.com/ask/questions/asin/B0183BZDQI/0/ref=ask_ql_psf_ql_hza
2018-10-02 11:33:58,059 - __main__ - DEBUG - Robot Check not passed for url https://www.amazon.com/ask/questions/asin/B0183BZDQI/3/ref=ask_ql_psf_ql_hza
2018-10-02 11:33:58,062 - __main__ - DEBUG - Robot Check not passed for url https://www.amazon.com/ask/questions/asin/B0183BZDQI/2/ref=ask_ql_psf_ql_hza
2018-10-02 11:33:58,217 - __main__ - DEBUG - Robot Check not passed for url https://www.amazon.com/ask/questions/asin/B0183BZDQI/1/ref=ask_ql_psf_ql_hza
2018-10-02 11:33:58,267 - __main__ - DEBUG - Robot Check not passed for url https://www.amazon.com/ask/questions/asin/B0183BZDQI/2/ref=ask_ql_psf_ql_hza
2018-10-02 11:33:58,407 - __main__ - DEBUG - Robot Check not passed for url https://www.amazon.com/ask/questions/asin/B0183BZDQI/1/ref=ask_ql_psf_ql_hza
2018-10-02 11:33:59,094 - __main__ - INFO - found 50 questions for product B0183BZDQI
2018-10-02 11:33:59,094 - __main__ - INFO - failed 0 urls for product B0183BZDQI
2018-10-02 11:33:59,095 - __main__ - INFO - Examining product B014QPBE3Q
2018-10-02 11:33:59,881 - __main__ - INFO - found 469 proxies
2018-10-02 11:33:59,881 - __main__ - INFO - https://www.amazon.com/ask/questions/asin/B014QPBE3Q
2018-10-02 11:34:00,059 - __main__ - WARNING - Robot Check received
2018-10-02 11:34:00,059 - __main__ - INFO - https://www.amazon.com/ask/questions/asin/B014QPBE3Q
2018-10-02 11:34:00,246 - __main__ - WARNING - Robot Check received
2018-10-02 11:34:00,246 - __main__ - INFO - https://www.amazon.com/ask/questions/asin/B014QPBE3Q
2018-10-02 11:34:01,750 - __main__ - INFO - found 20 questions for product B014QPBE3Q
2018-10-02 11:34:01,750 - __main__ - INFO - failed 0 urls for product B014QPBE3Q
2018-10-02 11:34:01,753 - __main__ - INFO - Examining product B079MFDF4M
2018-10-02 11:34:02,559 - __main__ - INFO - found 469 proxies
2018-10-02 11:34:02,559 - __main__ - INFO - https://www.amazon.com/ask/questions/asin/B079MFDF4M
2018-10-02 11:34:03,434 - __main__ - INFO - found 0 questions for product B079MFDF4M
2018-10-02 11:34:03,436 - __main__ - INFO - failed 0 urls for product B079MFDF4M
2018-10-02 11:34:03,437 - __main__ - INFO - Examining product B078WGP2K5
2018-10-02 11:34:04,204 - __main__ - INFO - found 469 proxies
2018-10-02 11:34:04,204 - __main__ - INFO - https://www.amazon.com/ask/questions/asin/B078WGP2K5
2018-10-02 11:34:04,388 - __main__ - WARNING - Robot Check received
2018-10-02 11:34:04,390 - __main__ - INFO - https://www.amazon.com/ask/questions/asin/B078WGP2K5
2018-10-02 11:34:04,940 - __main__ - INFO - found 0 questions for product B078WGP2K5
2018-10-02 11:34:04,940 - __main__ - INFO - failed 0 urls for product B078WGP2K5
2018-10-02 11:34:04,943 - __main__ - INFO - Examining product B06XD545W3
2018-10-02 11:34:05,724 - __main__ - INFO - found 469 proxies
2018-10-02 11:34:05,726 - __main__ - INFO - https://www.amazon.com/ask/questions/asin/B06XD545W3
2018-10-02 11:34:06,997 - __main__ - INFO - found 4 questions for product B06XD545W3
2018-10-02 11:34:06,999 - __main__ - INFO - failed 0 urls for product B06XD545W3
2018-10-02 11:34:07,000 - __main__ - INFO - Examining product B071G74927
2018-10-02 11:34:07,796 - __main__ - INFO - found 469 proxies
2018-10-02 11:34:07,796 - __main__ - INFO - https://www.amazon.com/ask/questions/asin/B071G74927
2018-10-02 11:34:08,529 - __main__ - INFO - found 0 questions for product B071G74927
2018-10-02 11:34:08,529 - __main__ - INFO - failed 0 urls for product B071G74927
2018-10-02 11:34:08,529 - __main__ - INFO - Examining product B01G2ZN74W
2018-10-02 11:34:09,404 - __main__ - INFO - found 469 proxies
2018-10-02 11:34:09,408 - __main__ - INFO - https://www.amazon.com/ask/questions/asin/B01G2ZN74W
2018-10-02 11:34:10,421 - __main__ - INFO - found 2 questions for product B01G2ZN74W
2018-10-02 11:34:10,421 - __main__ - INFO - failed 0 urls for product B01G2ZN74W
2018-10-02 11:34:10,423 - __main__ - INFO - Examining product B079MFXCR6
2018-10-02 11:34:11,153 - __main__ - INFO - found 469 proxies
2018-10-02 11:34:11,153 - __main__ - INFO - https://www.amazon.com/ask/questions/asin/B079MFXCR6
2018-10-02 11:34:11,334 - __main__ - WARNING - Robot Check received
2018-10-02 11:34:11,335 - __main__ - INFO - https://www.amazon.com/ask/questions/asin/B079MFXCR6
2018-10-02 11:34:11,506 - __main__ - WARNING - Robot Check received
2018-10-02 11:34:11,507 - __main__ - INFO - https://www.amazon.com/ask/questions/asin/B079MFXCR6
2018-10-02 11:34:11,678 - __main__ - WARNING - Robot Check received
2018-10-02 11:34:11,680 - __main__ - INFO - https://www.amazon.com/ask/questions/asin/B079MFXCR6
2018-10-02 11:34:11,855 - __main__ - WARNING - Robot Check received
2018-10-02 11:34:11,857 - __main__ - INFO - https://www.amazon.com/ask/questions/asin/B079MFXCR6
2018-10-02 11:34:12,030 - __main__ - WARNING - Robot Check received
2018-10-02 11:34:12,032 - __main__ - INFO - https://www.amazon.com/ask/questions/asin/B079MFXCR6
2018-10-02 11:34:12,200 - __main__ - WARNING - Robot Check received
2018-10-02 11:34:12,201 - __main__ - INFO - https://www.amazon.com/ask/questions/asin/B079MFXCR6
2018-10-02 11:34:12,382 - __main__ - WARNING - Robot Check received
2018-10-02 11:34:12,384 - __main__ - INFO - https://www.amazon.com/ask/questions/asin/B079MFXCR6
2018-10-02 11:34:12,552 - __main__ - WARNING - Robot Check received
2018-10-02 11:34:12,553 - __main__ - INFO - https://www.amazon.com/ask/questions/asin/B079MFXCR6
2018-10-02 11:34:13,092 - __main__ - INFO - found 0 questions for product B079MFXCR6
2018-10-02 11:34:13,092 - __main__ - INFO - failed 0 urls for product B079MFXCR6
2018-10-02 11:34:13,095 - __main__ - INFO - Examining product B01DVKRQ9S
2018-10-02 11:34:14,069 - __main__ - INFO - found 469 proxies
2018-10-02 11:34:14,069 - __main__ - INFO - https://www.amazon.com/ask/questions/asin/B01DVKRQ9S
2018-10-02 11:34:15,134 - __main__ - INFO - found 5 questions for product B01DVKRQ9S
2018-10-02 11:34:15,135 - __main__ - INFO - failed 0 urls for product B01DVKRQ9S
2018-10-02 11:34:15,138 - __main__ - INFO - Examining product B06XXN36FC
2018-10-02 11:34:15,888 - __main__ - INFO - found 469 proxies
2018-10-02 11:34:15,891 - __main__ - INFO - https://www.amazon.com/ask/questions/asin/B06XXN36FC
2018-10-02 11:34:16,072 - __main__ - WARNING - Robot Check received
2018-10-02 11:34:16,072 - __main__ - INFO - https://www.amazon.com/ask/questions/asin/B06XXN36FC
2018-10-02 11:34:16,257 - __main__ - WARNING - Robot Check received
2018-10-02 11:34:16,259 - __main__ - INFO - https://www.amazon.com/ask/questions/asin/B06XXN36FC
2018-10-02 11:34:16,832 - __main__ - INFO - found 0 questions for product B06XXN36FC
2018-10-02 11:34:16,832 - __main__ - INFO - failed 0 urls for product B06XXN36FC
2018-10-02 11:34:16,834 - __main__ - INFO - Examining product B074569SM5
2018-10-02 11:34:17,644 - __main__ - INFO - found 469 proxies
2018-10-02 11:34:17,644 - __main__ - INFO - https://www.amazon.com/ask/questions/asin/B074569SM5
2018-10-02 11:34:18,924 - __main__ - INFO - found 0 questions for product B074569SM5
2018-10-02 11:34:18,924 - __main__ - INFO - failed 0 urls for product B074569SM5
2018-10-02 11:34:18,927 - __main__ - INFO - Examining product B01FN8PRYW
2018-10-02 11:34:19,676 - __main__ - INFO - found 469 proxies
2018-10-02 11:34:19,677 - __main__ - INFO - https://www.amazon.com/ask/questions/asin/B01FN8PRYW
2018-10-02 11:34:19,849 - __main__ - WARNING - Robot Check received
2018-10-02 11:34:19,851 - __main__ - INFO - https://www.amazon.com/ask/questions/asin/B01FN8PRYW
2018-10-02 11:34:20,601 - __main__ - DEBUG - Robot Check not passed for url https://www.amazon.com/ask/questions/asin/B01FN8PRYW/0/ref=ask_ql_psf_ql_hza
2018-10-02 11:34:21,111 - __main__ - INFO - found 1 questions for product B01FN8PRYW
2018-10-02 11:34:21,111 - __main__ - INFO - failed 0 urls for product B01FN8PRYW
2018-10-02 11:34:21,114 - __main__ - INFO - Examining product B01N5NPV4P
2018-10-02 11:34:21,842 - __main__ - INFO - found 469 proxies
2018-10-02 11:34:21,842 - __main__ - INFO - https://www.amazon.com/ask/questions/asin/B01N5NPV4P
2018-10-02 11:34:22,012 - __main__ - WARNING - Robot Check received
2018-10-02 11:34:22,026 - __main__ - INFO - https://www.amazon.com/ask/questions/asin/B01N5NPV4P
2018-10-02 11:34:22,223 - __main__ - WARNING - Robot Check received
2018-10-02 11:34:22,226 - __main__ - INFO - https://www.amazon.com/ask/questions/asin/B01N5NPV4P
2018-10-02 11:34:22,401 - __main__ - WARNING - Robot Check received
2018-10-02 11:34:22,404 - __main__ - INFO - https://www.amazon.com/ask/questions/asin/B01N5NPV4P
2018-10-02 11:34:22,576 - __main__ - WARNING - Robot Check received
2018-10-02 11:34:22,579 - __main__ - INFO - https://www.amazon.com/ask/questions/asin/B01N5NPV4P
2018-10-02 11:34:22,753 - __main__ - WARNING - Robot Check received
2018-10-02 11:34:22,759 - __main__ - INFO - https://www.amazon.com/ask/questions/asin/B01N5NPV4P
2018-10-02 11:34:23,809 - __main__ - INFO - found 0 questions for product B01N5NPV4P
2018-10-02 11:34:23,809 - __main__ - INFO - failed 0 urls for product B01N5NPV4P
2018-10-02 11:34:23,811 - __main__ - INFO - Examining product B0797K4NS6
2018-10-02 11:34:24,602 - __main__ - INFO - found 469 proxies
2018-10-02 11:34:24,604 - __main__ - INFO - https://www.amazon.com/ask/questions/asin/B0797K4NS6
2018-10-02 11:34:24,776 - __main__ - WARNING - Robot Check received
2018-10-02 11:34:24,776 - __main__ - INFO - https://www.amazon.com/ask/questions/asin/B0797K4NS6
2018-10-02 11:34:25,269 - __main__ - INFO - found 0 questions for product B0797K4NS6
2018-10-02 11:34:25,269 - __main__ - INFO - failed 0 urls for product B0797K4NS6
2018-10-02 11:34:25,269 - __main__ - INFO - Examining product B079MBL8WS
2018-10-02 11:34:25,994 - __main__ - INFO - found 469 proxies
2018-10-02 11:34:25,996 - __main__ - INFO - https://www.amazon.com/ask/questions/asin/B079MBL8WS
2018-10-02 11:34:26,167 - __main__ - WARNING - Robot Check received
2018-10-02 11:34:26,168 - __main__ - INFO - https://www.amazon.com/ask/questions/asin/B079MBL8WS
2018-10-02 11:34:26,957 - __main__ - INFO - found 0 questions for product B079MBL8WS
2018-10-02 11:34:26,960 - __main__ - INFO - failed 0 urls for product B079MBL8WS
2018-10-02 11:34:26,961 - __main__ - INFO - Examining product B01G30AX3O
2018-10-02 11:34:27,845 - __main__ - INFO - found 469 proxies
2018-10-02 11:34:27,845 - __main__ - INFO - https://www.amazon.com/ask/questions/asin/B01G30AX3O
2018-10-02 11:34:29,102 - __main__ - INFO - found 1 questions for product B01G30AX3O
2018-10-02 11:34:29,104 - __main__ - INFO - failed 0 urls for product B01G30AX3O
2018-10-02 11:34:29,105 - __main__ - INFO - Examining product B079MGN451
2018-10-02 11:34:29,822 - __main__ - INFO - found 469 proxies
2018-10-02 11:34:29,822 - __main__ - INFO - https://www.amazon.com/ask/questions/asin/B079MGN451
2018-10-02 11:34:29,993 - __main__ - WARNING - Robot Check received
2018-10-02 11:34:29,994 - __main__ - INFO - https://www.amazon.com/ask/questions/asin/B079MGN451
2018-10-02 11:34:30,750 - __main__ - DEBUG - Robot Check not passed for url https://www.amazon.com/ask/questions/asin/B079MGN451/0/ref=ask_ql_psf_ql_hza
2018-10-02 11:34:30,923 - __main__ - DEBUG - Robot Check not passed for url https://www.amazon.com/ask/questions/asin/B079MGN451/0/ref=ask_ql_psf_ql_hza
2018-10-02 11:34:31,095 - __main__ - DEBUG - Robot Check not passed for url https://www.amazon.com/ask/questions/asin/B079MGN451/0/ref=ask_ql_psf_ql_hza
2018-10-02 11:34:31,546 - __main__ - INFO - found 2 questions for product B079MGN451
2018-10-02 11:34:31,548 - __main__ - INFO - failed 0 urls for product B079MGN451
2018-10-02 11:34:31,549 - __main__ - INFO - Examining product B073SDMMKP
2018-10-02 11:34:32,398 - __main__ - INFO - found 469 proxies
2018-10-02 11:34:32,400 - __main__ - INFO - https://www.amazon.com/ask/questions/asin/B073SDMMKP
2018-10-02 11:34:32,571 - __main__ - WARNING - Robot Check received
2018-10-02 11:34:32,571 - __main__ - INFO - https://www.amazon.com/ask/questions/asin/B073SDMMKP
2018-10-02 11:34:33,065 - __main__ - INFO - found 0 questions for product B073SDMMKP
2018-10-02 11:34:33,066 - __main__ - INFO - failed 0 urls for product B073SDMMKP
2018-10-02 11:34:33,068 - __main__ - INFO - Examining product B06Y5QNGT6
2018-10-02 11:34:33,786 - __main__ - INFO - found 469 proxies
2018-10-02 11:34:33,786 - __main__ - INFO - https://www.amazon.com/ask/questions/asin/B06Y5QNGT6
2018-10-02 11:34:33,961 - __main__ - WARNING - Robot Check received
2018-10-02 11:34:33,963 - __main__ - INFO - https://www.amazon.com/ask/questions/asin/B06Y5QNGT6
2018-10-02 11:34:34,131 - __main__ - WARNING - Robot Check received
2018-10-02 11:34:34,131 - __main__ - INFO - https://www.amazon.com/ask/questions/asin/B06Y5QNGT6
2018-10-02 11:34:34,299 - __main__ - WARNING - Robot Check received
2018-10-02 11:34:34,299 - __main__ - INFO - https://www.amazon.com/ask/questions/asin/B06Y5QNGT6
2018-10-02 11:34:34,757 - __main__ - INFO - found 0 questions for product B06Y5QNGT6
2018-10-02 11:34:34,763 - __main__ - INFO - failed 0 urls for product B06Y5QNGT6
2018-10-02 11:34:34,767 - __main__ - INFO - Examining product B06XCYTMF5
2018-10-02 11:34:35,579 - __main__ - INFO - found 469 proxies
2018-10-02 11:34:35,581 - __main__ - INFO - https://www.amazon.com/ask/questions/asin/B06XCYTMF5
2018-10-02 11:34:36,276 - __main__ - DEBUG - Robot Check not passed for url https://www.amazon.com/ask/questions/asin/B06XCYTMF5/0/ref=ask_ql_psf_ql_hza
2018-10-02 11:34:36,451 - __main__ - DEBUG - Robot Check not passed for url https://www.amazon.com/ask/questions/asin/B06XCYTMF5/0/ref=ask_ql_psf_ql_hza
2018-10-02 11:34:36,622 - __main__ - DEBUG - Robot Check not passed for url https://www.amazon.com/ask/questions/asin/B06XCYTMF5/0/ref=ask_ql_psf_ql_hza
2018-10-02 11:34:37,142 - __main__ - INFO - found 1 questions for product B06XCYTMF5
2018-10-02 11:34:37,142 - __main__ - INFO - failed 0 urls for product B06XCYTMF5
2018-10-02 11:34:37,144 - __main__ - INFO - Examining product B077F3521H
2018-10-02 11:34:37,950 - __main__ - INFO - found 469 proxies
2018-10-02 11:34:37,950 - __main__ - INFO - https://www.amazon.com/ask/questions/asin/B077F3521H
2018-10-02 11:34:38,898 - __main__ - DEBUG - Robot Check not passed for url https://www.amazon.com/ask/questions/asin/B077F3521H/0/ref=ask_ql_psf_ql_hza
2018-10-02 11:34:39,424 - __main__ - INFO - found 1 questions for product B077F3521H
2018-10-02 11:34:39,426 - __main__ - INFO - failed 0 urls for product B077F3521H
2018-10-02 11:34:39,427 - __main__ - INFO - Examining product B06XX58CS5
2018-10-02 11:34:40,240 - __main__ - INFO - found 469 proxies
2018-10-02 11:34:40,240 - __main__ - INFO - https://www.amazon.com/ask/questions/asin/B06XX58CS5
2018-10-02 11:34:40,418 - __main__ - WARNING - Robot Check received
2018-10-02 11:34:40,418 - __main__ - INFO - https://www.amazon.com/ask/questions/asin/B06XX58CS5
2018-10-02 11:34:40,917 - __main__ - INFO - found 0 questions for product B06XX58CS5
2018-10-02 11:34:40,917 - __main__ - INFO - failed 0 urls for product B06XX58CS5
2018-10-02 11:34:40,918 - __main__ - INFO - Examining product B075KMPQLJ
2018-10-02 11:34:41,663 - __main__ - INFO - found 469 proxies
2018-10-02 11:34:41,664 - __main__ - INFO - https://www.amazon.com/ask/questions/asin/B075KMPQLJ
2018-10-02 11:34:42,167 - __main__ - INFO - found 0 questions for product B075KMPQLJ
2018-10-02 11:34:42,170 - __main__ - INFO - failed 0 urls for product B075KMPQLJ
2018-10-02 11:34:42,171 - __main__ - INFO - Examining product B075KKFJRQ
2018-10-02 11:34:42,967 - __main__ - INFO - found 469 proxies
2018-10-02 11:34:42,967 - __main__ - INFO - https://www.amazon.com/ask/questions/asin/B075KKFJRQ
2018-10-02 11:34:43,140 - __main__ - WARNING - Robot Check received
2018-10-02 11:34:43,141 - __main__ - INFO - https://www.amazon.com/ask/questions/asin/B075KKFJRQ
2018-10-02 11:34:44,131 - __main__ - INFO - found 1 questions for product B075KKFJRQ
2018-10-02 11:34:44,131 - __main__ - INFO - failed 0 urls for product B075KKFJRQ
2018-10-02 11:34:44,132 - __main__ - INFO - Examining product B06XXFZDYQ
2018-10-02 11:34:44,967 - __main__ - INFO - found 469 proxies
2018-10-02 11:34:44,969 - __main__ - INFO - https://www.amazon.com/ask/questions/asin/B06XXFZDYQ
2018-10-02 11:34:45,140 - __main__ - WARNING - Robot Check received
2018-10-02 11:34:45,141 - __main__ - INFO - https://www.amazon.com/ask/questions/asin/B06XXFZDYQ
2018-10-02 11:34:46,338 - __main__ - INFO - found 5 questions for product B06XXFZDYQ
2018-10-02 11:34:46,339 - __main__ - INFO - failed 0 urls for product B06XXFZDYQ
2018-10-02 11:34:46,342 - __main__ - INFO - Examining product B074F4PXXK
2018-10-02 11:34:47,082 - __main__ - INFO - found 469 proxies
2018-10-02 11:34:47,082 - __main__ - INFO - https://www.amazon.com/ask/questions/asin/B074F4PXXK
2018-10-02 11:34:47,260 - __main__ - WARNING - Robot Check received
2018-10-02 11:34:47,262 - __main__ - INFO - https://www.amazon.com/ask/questions/asin/B074F4PXXK
2018-10-02 11:34:47,917 - __main__ - INFO - found 0 questions for product B074F4PXXK
2018-10-02 11:34:47,917 - __main__ - INFO - failed 0 urls for product B074F4PXXK
2018-10-02 11:34:47,920 - __main__ - INFO - Examining product B075KLCLH9
2018-10-02 11:34:48,691 - __main__ - INFO - found 469 proxies
2018-10-02 11:34:48,691 - __main__ - INFO - https://www.amazon.com/ask/questions/asin/B075KLCLH9
2018-10-02 11:34:49,792 - __main__ - INFO - found 0 questions for product B075KLCLH9
2018-10-02 11:34:49,792 - __main__ - INFO - failed 0 urls for product B075KLCLH9
2018-10-02 11:34:49,793 - __main__ - INFO - Examining product B076QFVF9Z
2018-10-02 11:34:50,523 - __main__ - INFO - found 469 proxies
2018-10-02 11:34:50,525 - __main__ - INFO - https://www.amazon.com/ask/questions/asin/B076QFVF9Z
2018-10-02 11:34:51,657 - __main__ - INFO - found 1 questions for product B076QFVF9Z
2018-10-02 11:34:51,657 - __main__ - INFO - failed 0 urls for product B076QFVF9Z
2018-10-02 11:34:51,660 - __main__ - INFO - Examining product B0711S1ZR4
2018-10-02 11:34:52,479 - __main__ - INFO - found 469 proxies
2018-10-02 11:34:52,479 - __main__ - INFO - https://www.amazon.com/ask/questions/asin/B0711S1ZR4
2018-10-02 11:34:53,006 - __main__ - INFO - found 0 questions for product B0711S1ZR4
2018-10-02 11:34:53,006 - __main__ - INFO - failed 0 urls for product B0711S1ZR4
2018-10-02 11:34:53,009 - __main__ - INFO - Examining product B01A6LE2KG
2018-10-02 11:34:53,799 - __main__ - INFO - found 469 proxies
2018-10-02 11:34:53,831 - __main__ - INFO - https://www.amazon.com/ask/questions/asin/B01A6LE2KG
2018-10-02 11:34:54,007 - __main__ - WARNING - Robot Check received
2018-10-02 11:34:54,009 - __main__ - INFO - https://www.amazon.com/ask/questions/asin/B01A6LE2KG
2018-10-02 11:34:54,174 - __main__ - WARNING - Robot Check received
2018-10-02 11:34:54,176 - __main__ - INFO - https://www.amazon.com/ask/questions/asin/B01A6LE2KG
2018-10-02 11:34:54,352 - __main__ - WARNING - Robot Check received
2018-10-02 11:34:54,352 - __main__ - INFO - https://www.amazon.com/ask/questions/asin/B01A6LE2KG
2018-10-02 11:34:55,134 - __main__ - DEBUG - Robot Check not passed for url https://www.amazon.com/ask/questions/asin/B01A6LE2KG/1/ref=ask_ql_psf_ql_hza
2018-10-02 11:34:55,140 - __main__ - DEBUG - Robot Check not passed for url https://www.amazon.com/ask/questions/asin/B01A6LE2KG/2/ref=ask_ql_psf_ql_hza
2018-10-02 11:34:55,319 - __main__ - DEBUG - Robot Check not passed for url https://www.amazon.com/ask/questions/asin/B01A6LE2KG/2/ref=ask_ql_psf_ql_hza
2018-10-02 11:34:55,875 - __main__ - INFO - found 30 questions for product B01A6LE2KG
2018-10-02 11:34:55,878 - __main__ - INFO - failed 0 urls for product B01A6LE2KG
2018-10-02 11:34:55,880 - __main__ - INFO - Examining product B06XX7Q923
2018-10-02 11:34:56,698 - __main__ - INFO - found 469 proxies
2018-10-02 11:34:56,700 - __main__ - INFO - https://www.amazon.com/ask/questions/asin/B06XX7Q923
2018-10-02 11:34:56,871 - __main__ - WARNING - Robot Check received
2018-10-02 11:34:56,871 - __main__ - INFO - https://www.amazon.com/ask/questions/asin/B06XX7Q923
2018-10-02 11:34:57,038 - __main__ - WARNING - Robot Check received
2018-10-02 11:34:57,038 - __main__ - INFO - https://www.amazon.com/ask/questions/asin/B06XX7Q923
2018-10-02 11:34:57,214 - __main__ - WARNING - Robot Check received
2018-10-02 11:34:57,216 - __main__ - INFO - https://www.amazon.com/ask/questions/asin/B06XX7Q923
2018-10-02 11:34:58,384 - __main__ - INFO - found 1 questions for product B06XX7Q923
2018-10-02 11:34:58,384 - __main__ - INFO - failed 0 urls for product B06XX7Q923
2018-10-02 11:34:58,388 - __main__ - INFO - Examining product B074F84XF4
2018-10-02 11:34:59,111 - __main__ - INFO - found 469 proxies
2018-10-02 11:34:59,111 - __main__ - INFO - https://www.amazon.com/ask/questions/asin/B074F84XF4
2018-10-02 11:34:59,628 - __main__ - INFO - found 0 questions for product B074F84XF4
2018-10-02 11:34:59,628 - __main__ - INFO - failed 0 urls for product B074F84XF4
2018-10-02 11:34:59,630 - __main__ - INFO - Examining product B06XKWKRJ1
2018-10-02 11:35:00,578 - __main__ - INFO - found 469 proxies
2018-10-02 11:35:00,579 - __main__ - INFO - https://www.amazon.com/ask/questions/asin/B06XKWKRJ1
2018-10-02 11:35:00,750 - __main__ - WARNING - Robot Check received
2018-10-02 11:35:00,750 - __main__ - INFO - https://www.amazon.com/ask/questions/asin/B06XKWKRJ1
2018-10-02 11:35:01,313 - __main__ - INFO - found 0 questions for product B06XKWKRJ1
2018-10-02 11:35:01,315 - __main__ - INFO - failed 0 urls for product B06XKWKRJ1
2018-10-02 11:35:01,315 - __main__ - INFO - Examining product B0741MSCW2
2018-10-02 11:35:02,046 - __main__ - INFO - found 469 proxies
2018-10-02 11:35:02,046 - __main__ - INFO - https://www.amazon.com/ask/questions/asin/B0741MSCW2
2018-10-02 11:35:02,579 - __main__ - INFO - found 0 questions for product B0741MSCW2
2018-10-02 11:35:02,581 - __main__ - INFO - failed 0 urls for product B0741MSCW2
2018-10-02 11:35:02,582 - __main__ - INFO - Examining product B01DLNX0FY
2018-10-02 11:35:03,309 - __main__ - INFO - found 469 proxies
2018-10-02 11:35:03,309 - __main__ - INFO - https://www.amazon.com/ask/questions/asin/B01DLNX0FY
2018-10-02 11:35:03,486 - __main__ - WARNING - Robot Check received
2018-10-02 11:35:03,486 - __main__ - INFO - https://www.amazon.com/ask/questions/asin/B01DLNX0FY
2018-10-02 11:35:03,657 - __main__ - WARNING - Robot Check received
2018-10-02 11:35:03,658 - __main__ - INFO - https://www.amazon.com/ask/questions/asin/B01DLNX0FY
2018-10-02 11:35:03,831 - __main__ - WARNING - Robot Check received
2018-10-02 11:35:03,831 - __main__ - INFO - https://www.amazon.com/ask/questions/asin/B01DLNX0FY
2018-10-02 11:35:05,013 - __main__ - INFO - found 3 questions for product B01DLNX0FY
2018-10-02 11:35:05,013 - __main__ - INFO - failed 0 urls for product B01DLNX0FY
2018-10-02 11:35:05,016 - __main__ - INFO - Examining product B01LYF276L
2018-10-02 11:35:05,842 - __main__ - INFO - found 469 proxies
2018-10-02 11:35:05,842 - __main__ - INFO - https://www.amazon.com/ask/questions/asin/B01LYF276L
2018-10-02 11:35:06,703 - __main__ - DEBUG - Robot Check not passed for url https://www.amazon.com/ask/questions/asin/B01LYF276L/0/ref=ask_ql_psf_ql_hza
2018-10-02 11:35:07,213 - __main__ - INFO - found 5 questions for product B01LYF276L
2018-10-02 11:35:07,214 - __main__ - INFO - failed 0 urls for product B01LYF276L
2018-10-02 11:35:07,216 - __main__ - INFO - Examining product B07D6WLZQV
2018-10-02 11:35:07,927 - __main__ - INFO - found 469 proxies
2018-10-02 11:35:07,927 - __main__ - INFO - https://www.amazon.com/ask/questions/asin/B07D6WLZQV
2018-10-02 11:35:09,128 - __main__ - INFO - found 0 questions for product B07D6WLZQV
2018-10-02 11:35:09,128 - __main__ - INFO - failed 0 urls for product B07D6WLZQV
2018-10-02 11:35:09,130 - __main__ - INFO - Examining product B074TJ78ZR
2018-10-02 11:35:09,917 - __main__ - INFO - found 469 proxies
2018-10-02 11:35:09,917 - __main__ - INFO - https://www.amazon.com/ask/questions/asin/B074TJ78ZR
2018-10-02 11:35:10,092 - __main__ - WARNING - Robot Check received
2018-10-02 11:35:10,094 - __main__ - INFO - https://www.amazon.com/ask/questions/asin/B074TJ78ZR
2018-10-02 11:35:10,624 - __main__ - INFO - found 0 questions for product B074TJ78ZR
2018-10-02 11:35:10,625 - __main__ - INFO - failed 0 urls for product B074TJ78ZR
2018-10-02 11:35:10,625 - __main__ - INFO - Examining product B07FP111ZS
2018-10-02 11:35:11,345 - __main__ - INFO - found 469 proxies
2018-10-02 11:35:11,345 - __main__ - INFO - https://www.amazon.com/ask/questions/asin/B07FP111ZS
2018-10-02 11:35:11,523 - __main__ - WARNING - Robot Check received
2018-10-02 11:35:11,525 - __main__ - INFO - https://www.amazon.com/ask/questions/asin/B07FP111ZS
2018-10-02 11:35:12,058 - __main__ - INFO - found 0 questions for product B07FP111ZS
2018-10-02 11:35:12,059 - __main__ - INFO - failed 0 urls for product B07FP111ZS
2018-10-02 11:35:12,059 - __main__ - INFO - Examining product B073SCPYKM
2018-10-02 11:35:12,844 - __main__ - INFO - found 469 proxies
2018-10-02 11:35:12,845 - __main__ - INFO - https://www.amazon.com/ask/questions/asin/B073SCPYKM
2018-10-02 11:35:13,026 - __main__ - WARNING - Robot Check received
2018-10-02 11:35:13,028 - __main__ - INFO - https://www.amazon.com/ask/questions/asin/B073SCPYKM
2018-10-02 11:35:13,196 - __main__ - WARNING - Robot Check received
2018-10-02 11:35:13,196 - __main__ - INFO - https://www.amazon.com/ask/questions/asin/B073SCPYKM
2018-10-02 11:35:13,365 - __main__ - WARNING - Robot Check received
2018-10-02 11:35:13,367 - __main__ - INFO - https://www.amazon.com/ask/questions/asin/B073SCPYKM
2018-10-02 11:35:13,532 - __main__ - WARNING - Robot Check received
2018-10-02 11:35:13,532 - __main__ - INFO - https://www.amazon.com/ask/questions/asin/B073SCPYKM
2018-10-02 11:35:14,255 - __main__ - INFO - found 0 questions for product B073SCPYKM
2018-10-02 11:35:14,256 - __main__ - INFO - failed 0 urls for product B073SCPYKM
2018-10-02 11:35:14,259 - __main__ - INFO - Examining product B06Y5RWN39
2018-10-02 11:35:14,970 - __main__ - INFO - found 469 proxies
2018-10-02 11:35:14,971 - __main__ - INFO - https://www.amazon.com/ask/questions/asin/B06Y5RWN39
2018-10-02 11:35:15,144 - __main__ - WARNING - Robot Check received
2018-10-02 11:35:15,145 - __main__ - INFO - https://www.amazon.com/ask/questions/asin/B06Y5RWN39
2018-10-02 11:35:15,319 - __main__ - WARNING - Robot Check received
2018-10-02 11:35:15,319 - __main__ - INFO - https://www.amazon.com/ask/questions/asin/B06Y5RWN39
2018-10-02 11:35:15,898 - __main__ - INFO - found 0 questions for product B06Y5RWN39
2018-10-02 11:35:15,898 - __main__ - INFO - failed 0 urls for product B06Y5RWN39
2018-10-02 11:35:15,901 - __main__ - INFO - Examining product B07CNGY3B3
2018-10-02 11:35:16,687 - __main__ - INFO - found 469 proxies
2018-10-02 11:35:16,687 - __main__ - INFO - https://www.amazon.com/ask/questions/asin/B07CNGY3B3
2018-10-02 11:35:17,246 - __main__ - INFO - found 0 questions for product B07CNGY3B3
2018-10-02 11:35:17,247 - __main__ - INFO - failed 0 urls for product B07CNGY3B3
2018-10-02 11:35:17,249 - __main__ - INFO - Examining product B06XDMHRCT
2018-10-02 11:35:17,956 - __main__ - INFO - found 469 proxies
2018-10-02 11:35:17,956 - __main__ - INFO - https://www.amazon.com/ask/questions/asin/B06XDMHRCT
2018-10-02 11:35:18,470 - __main__ - INFO - found 0 questions for product B06XDMHRCT
2018-10-02 11:35:18,470 - __main__ - INFO - failed 0 urls for product B06XDMHRCT
2018-10-02 11:35:18,471 - __main__ - INFO - Examining product B06XXM7THM
2018-10-02 11:35:19,174 - __main__ - INFO - found 469 proxies
2018-10-02 11:35:19,176 - __main__ - INFO - https://www.amazon.com/ask/questions/asin/B06XXM7THM
2018-10-02 11:35:19,349 - __main__ - WARNING - Robot Check received
2018-10-02 11:35:19,351 - __main__ - INFO - https://www.amazon.com/ask/questions/asin/B06XXM7THM
2018-10-02 11:35:20,023 - __main__ - DEBUG - Robot Check not passed for url https://www.amazon.com/ask/questions/asin/B06XXM7THM/0/ref=ask_ql_psf_ql_hza
2018-10-02 11:35:20,282 - __main__ - DEBUG - Robot Check not passed for url https://www.amazon.com/ask/questions/asin/B06XXM7THM/0/ref=ask_ql_psf_ql_hza
2018-10-02 11:35:20,450 - __main__ - DEBUG - Robot Check not passed for url https://www.amazon.com/ask/questions/asin/B06XXM7THM/0/ref=ask_ql_psf_ql_hza
2018-10-02 11:35:20,960 - __main__ - INFO - found 3 questions for product B06XXM7THM
2018-10-02 11:35:20,961 - __main__ - INFO - failed 0 urls for product B06XXM7THM
2018-10-02 11:35:20,966 - __main__ - INFO - Examining product B078WH65L8
2018-10-02 11:35:21,657 - __main__ - INFO - found 469 proxies
2018-10-02 11:35:21,657 - __main__ - INFO - https://www.amazon.com/ask/questions/asin/B078WH65L8
2018-10-02 11:35:22,265 - __main__ - INFO - found 0 questions for product B078WH65L8
2018-10-02 11:35:22,266 - __main__ - INFO - failed 0 urls for product B078WH65L8
2018-10-02 11:35:22,266 - __main__ - INFO - Examining product B07F71M53F
2018-10-02 11:35:23,062 - __main__ - INFO - found 469 proxies
2018-10-02 11:35:23,063 - __main__ - INFO - https://www.amazon.com/ask/questions/asin/B07F71M53F
2018-10-02 11:35:23,578 - __main__ - INFO - found 0 questions for product B07F71M53F
2018-10-02 11:35:23,579 - __main__ - INFO - failed 0 urls for product B07F71M53F
2018-10-02 11:35:23,582 - __main__ - INFO - Examining product B077DLHWY2
2018-10-02 11:35:24,381 - __main__ - INFO - found 469 proxies
2018-10-02 11:35:24,382 - __main__ - INFO - https://www.amazon.com/ask/questions/asin/B077DLHWY2
2018-10-02 11:35:24,921 - __main__ - INFO - found 0 questions for product B077DLHWY2
2018-10-02 11:35:24,923 - __main__ - INFO - failed 0 urls for product B077DLHWY2
2018-10-02 11:35:24,924 - __main__ - INFO - Examining product B06XDMK96Y
2018-10-02 11:35:25,663 - __main__ - INFO - found 469 proxies
2018-10-02 11:35:25,664 - __main__ - INFO - https://www.amazon.com/ask/questions/asin/B06XDMK96Y
2018-10-02 11:35:25,842 - __main__ - WARNING - Robot Check received
2018-10-02 11:35:25,842 - __main__ - INFO - https://www.amazon.com/ask/questions/asin/B06XDMK96Y
2018-10-02 11:35:26,039 - __main__ - WARNING - Robot Check received
2018-10-02 11:35:26,039 - __main__ - INFO - https://www.amazon.com/ask/questions/asin/B06XDMK96Y
2018-10-02 11:35:26,601 - __main__ - INFO - found 0 questions for product B06XDMK96Y
2018-10-02 11:35:26,601 - __main__ - INFO - failed 0 urls for product B06XDMK96Y
2018-10-02 11:35:26,604 - __main__ - INFO - Examining product B06Y5P46V7
2018-10-02 11:35:27,384 - __main__ - INFO - found 469 proxies
2018-10-02 11:35:27,384 - __main__ - INFO - https://www.amazon.com/ask/questions/asin/B06Y5P46V7
2018-10-02 11:35:28,286 - __main__ - DEBUG - Robot Check not passed for url https://www.amazon.com/ask/questions/asin/B06Y5P46V7/0/ref=ask_ql_psf_ql_hza
2018-10-02 11:35:28,836 - __main__ - INFO - found 2 questions for product B06Y5P46V7
2018-10-02 11:35:28,836 - __main__ - INFO - failed 0 urls for product B06Y5P46V7
2018-10-02 11:35:28,838 - __main__ - INFO - Examining product B07BKB3LGW
2018-10-02 11:35:29,555 - __main__ - INFO - found 469 proxies
2018-10-02 11:35:29,555 - __main__ - INFO - https://www.amazon.com/ask/questions/asin/B07BKB3LGW
2018-10-02 11:35:30,042 - __main__ - INFO - found 0 questions for product B07BKB3LGW
2018-10-02 11:35:30,043 - __main__ - INFO - failed 0 urls for product B07BKB3LGW
2018-10-02 11:35:30,045 - __main__ - INFO - Examining product B01G2ZGJKG
2018-10-02 11:35:30,924 - __main__ - INFO - found 469 proxies
2018-10-02 11:35:30,926 - __main__ - INFO - https://www.amazon.com/ask/questions/asin/B01G2ZGJKG
2018-10-02 11:35:32,073 - __main__ - INFO - found 2 questions for product B01G2ZGJKG
2018-10-02 11:35:32,075 - __main__ - INFO - failed 0 urls for product B01G2ZGJKG
2018-10-02 11:35:32,075 - __main__ - INFO - Examining product B073SD5RRG
2018-10-02 11:35:32,828 - __main__ - INFO - found 469 proxies
2018-10-02 11:35:32,828 - __main__ - INFO - https://www.amazon.com/ask/questions/asin/B073SD5RRG
2018-10-02 11:35:33,927 - __main__ - INFO - found 1 questions for product B073SD5RRG
2018-10-02 11:35:33,928 - __main__ - INFO - failed 0 urls for product B073SD5RRG
2018-10-02 11:35:33,933 - __main__ - INFO - Examining product B01LY3GIG0
2018-10-02 11:35:34,753 - __main__ - INFO - found 469 proxies
2018-10-02 11:35:34,755 - __main__ - INFO - https://www.amazon.com/ask/questions/asin/B01LY3GIG0
2018-10-02 11:35:35,572 - __main__ - DEBUG - Robot Check not passed for url https://www.amazon.com/ask/questions/asin/B01LY3GIG0/1/ref=ask_ql_psf_ql_hza
2018-10-02 11:35:35,572 - __main__ - DEBUG - Robot Check not passed for url https://www.amazon.com/ask/questions/asin/B01LY3GIG0/0/ref=ask_ql_psf_ql_hza
2018-10-02 11:35:35,778 - __main__ - DEBUG - Robot Check not passed for url https://www.amazon.com/ask/questions/asin/B01LY3GIG0/0/ref=ask_ql_psf_ql_hza
2018-10-02 11:35:35,917 - __main__ - DEBUG - Robot Check not passed for url https://www.amazon.com/ask/questions/asin/B01LY3GIG0/1/ref=ask_ql_psf_ql_hza
2018-10-02 11:35:36,473 - __main__ - INFO - found 10 questions for product B01LY3GIG0
2018-10-02 11:35:36,473 - __main__ - INFO - failed 0 urls for product B01LY3GIG0
2018-10-02 11:35:36,476 - __main__ - INFO - Examining product B0797KJGY9
2018-10-02 11:35:37,227 - __main__ - INFO - found 469 proxies
2018-10-02 11:35:37,229 - __main__ - INFO - https://www.amazon.com/ask/questions/asin/B0797KJGY9
2018-10-02 11:35:37,910 - __main__ - INFO - found 0 questions for product B0797KJGY9
2018-10-02 11:35:37,911 - __main__ - INFO - failed 0 urls for product B0797KJGY9
2018-10-02 11:35:37,915 - __main__ - INFO - Examining product B073SCNS4S
2018-10-02 11:35:38,655 - __main__ - INFO - found 469 proxies
2018-10-02 11:35:38,657 - __main__ - INFO - https://www.amazon.com/ask/questions/asin/B073SCNS4S
2018-10-02 11:35:39,164 - __main__ - INFO - found 0 questions for product B073SCNS4S
2018-10-02 11:35:39,164 - __main__ - INFO - failed 0 urls for product B073SCNS4S
2018-10-02 11:35:39,167 - __main__ - INFO - Examining product B01HFJ9R98
2018-10-02 11:35:40,003 - __main__ - INFO - found 469 proxies
2018-10-02 11:35:40,003 - __main__ - INFO - https://www.amazon.com/ask/questions/asin/B01HFJ9R98
2018-10-02 11:35:40,184 - __main__ - WARNING - Robot Check received
2018-10-02 11:35:40,186 - __main__ - INFO - https://www.amazon.com/ask/questions/asin/B01HFJ9R98
2018-10-02 11:35:41,525 - __main__ - INFO - found 6 questions for product B01HFJ9R98
2018-10-02 11:35:41,528 - __main__ - INFO - failed 0 urls for product B01HFJ9R98
2018-10-02 11:35:41,529 - __main__ - INFO - Examining product B07CNJ1T84
2018-10-02 11:35:42,290 - __main__ - INFO - found 469 proxies
2018-10-02 11:35:42,292 - __main__ - INFO - https://www.amazon.com/ask/questions/asin/B07CNJ1T84
2018-10-02 11:35:42,471 - __main__ - WARNING - Robot Check received
2018-10-02 11:35:42,473 - __main__ - INFO - https://www.amazon.com/ask/questions/asin/B07CNJ1T84
2018-10-02 11:35:42,954 - __main__ - INFO - found 0 questions for product B07CNJ1T84
2018-10-02 11:35:42,954 - __main__ - INFO - failed 0 urls for product B07CNJ1T84
2018-10-02 11:35:42,956 - __main__ - INFO - Examining product B01N7K1HV5
2018-10-02 11:35:43,734 - __main__ - INFO - found 469 proxies
2018-10-02 11:35:43,734 - __main__ - INFO - https://www.amazon.com/ask/questions/asin/B01N7K1HV5
2018-10-02 11:35:44,555 - __main__ - DEBUG - Robot Check not passed for url https://www.amazon.com/ask/questions/asin/B01N7K1HV5/0/ref=ask_ql_psf_ql_hza
2018-10-02 11:35:45,082 - __main__ - INFO - found 1 questions for product B01N7K1HV5
2018-10-02 11:35:45,084 - __main__ - INFO - failed 0 urls for product B01N7K1HV5
2018-10-02 11:35:45,086 - __main__ - INFO - Examining product B01HEAPAEE
2018-10-02 11:35:45,865 - __main__ - INFO - found 469 proxies
2018-10-02 11:35:45,865 - __main__ - INFO - https://www.amazon.com/ask/questions/asin/B01HEAPAEE
2018-10-02 11:35:46,394 - __main__ - INFO - found 0 questions for product B01HEAPAEE
2018-10-02 11:35:46,394 - __main__ - INFO - failed 0 urls for product B01HEAPAEE
2018-10-02 11:35:46,397 - __main__ - INFO - Examining product B07CN72GWH
2018-10-02 11:35:47,203 - __main__ - INFO - found 469 proxies
2018-10-02 11:35:47,203 - __main__ - INFO - https://www.amazon.com/ask/questions/asin/B07CN72GWH
2018-10-02 11:35:47,750 - __main__ - INFO - found 0 questions for product B07CN72GWH
2018-10-02 11:35:47,750 - __main__ - INFO - failed 0 urls for product B07CN72GWH
2018-10-02 11:35:47,753 - __main__ - INFO - Examining product B01I2YHUAS
2018-10-02 11:35:48,528 - __main__ - INFO - found 469 proxies
2018-10-02 11:35:48,528 - __main__ - INFO - https://www.amazon.com/ask/questions/asin/B01I2YHUAS
2018-10-02 11:35:49,233 - __main__ - DEBUG - Robot Check not passed for url https://www.amazon.com/ask/questions/asin/B01I2YHUAS/0/ref=ask_ql_psf_ql_hza
2018-10-02 11:35:49,816 - __main__ - INFO - found 7 questions for product B01I2YHUAS
2018-10-02 11:35:49,816 - __main__ - INFO - failed 0 urls for product B01I2YHUAS
2018-10-02 11:35:49,819 - __main__ - INFO - Examining product B010J85NTU
2018-10-02 11:35:50,655 - __main__ - INFO - found 469 proxies
2018-10-02 11:35:50,657 - __main__ - INFO - https://www.amazon.com/ask/questions/asin/B010J85NTU
2018-10-02 11:35:51,668 - __main__ - INFO - found 2 questions for product B010J85NTU
2018-10-02 11:35:51,668 - __main__ - INFO - failed 0 urls for product B010J85NTU
2018-10-02 11:35:51,671 - __main__ - INFO - Examining product B075KQZSZ9
2018-10-02 11:35:52,368 - __main__ - INFO - found 469 proxies
2018-10-02 11:35:52,368 - __main__ - INFO - https://www.amazon.com/ask/questions/asin/B075KQZSZ9
2018-10-02 11:35:54,028 - __main__ - INFO - found 1 questions for product B075KQZSZ9
2018-10-02 11:35:54,028 - __main__ - INFO - failed 0 urls for product B075KQZSZ9
2018-10-02 11:35:54,029 - __main__ - INFO - Examining product B079MFHPPT
2018-10-02 11:35:54,736 - __main__ - INFO - found 469 proxies
2018-10-02 11:35:54,737 - __main__ - INFO - https://www.amazon.com/ask/questions/asin/B079MFHPPT
2018-10-02 11:35:55,325 - __main__ - INFO - found 0 questions for product B079MFHPPT
2018-10-02 11:35:55,326 - __main__ - INFO - failed 0 urls for product B079MFHPPT
2018-10-02 11:35:55,328 - __main__ - INFO - Examining product B01G4FQM9W
2018-10-02 11:35:56,138 - __main__ - INFO - found 469 proxies
2018-10-02 11:35:56,138 - __main__ - INFO - https://www.amazon.com/ask/questions/asin/B01G4FQM9W
2018-10-02 11:35:56,637 - __main__ - INFO - found 0 questions for product B01G4FQM9W
2018-10-02 11:35:56,638 - __main__ - INFO - failed 0 urls for product B01G4FQM9W
2018-10-02 11:35:56,638 - __main__ - INFO - Examining product B017SD1LD6
2018-10-02 11:35:57,387 - __main__ - INFO - found 469 proxies
2018-10-02 11:35:57,387 - __main__ - INFO - https://www.amazon.com/ask/questions/asin/B017SD1LD6
2018-10-02 11:35:57,572 - __main__ - WARNING - Robot Check received
2018-10-02 11:35:57,572 - __main__ - INFO - https://www.amazon.com/ask/questions/asin/B017SD1LD6
2018-10-02 11:35:57,759 - __main__ - WARNING - Robot Check received
2018-10-02 11:35:57,759 - __main__ - INFO - https://www.amazon.com/ask/questions/asin/B017SD1LD6
2018-10-02 11:35:58,917 - __main__ - INFO - found 3 questions for product B017SD1LD6
2018-10-02 11:35:58,918 - __main__ - INFO - failed 0 urls for product B017SD1LD6
2018-10-02 11:35:58,923 - __main__ - INFO - Examining product B07BK9ZJD2
2018-10-02 11:35:59,703 - __main__ - INFO - found 469 proxies
2018-10-02 11:35:59,703 - __main__ - INFO - https://www.amazon.com/ask/questions/asin/B07BK9ZJD2
2018-10-02 11:35:59,874 - __main__ - WARNING - Robot Check received
2018-10-02 11:35:59,875 - __main__ - INFO - https://www.amazon.com/ask/questions/asin/B07BK9ZJD2
2018-10-02 11:36:00,042 - __main__ - WARNING - Robot Check received
2018-10-02 11:36:00,042 - __main__ - INFO - https://www.amazon.com/ask/questions/asin/B07BK9ZJD2
2018-10-02 11:36:00,552 - __main__ - INFO - found 0 questions for product B07BK9ZJD2
2018-10-02 11:36:00,552 - __main__ - INFO - failed 0 urls for product B07BK9ZJD2
2018-10-02 11:36:00,555 - __main__ - INFO - Examining product B013Q1T6ZO
2018-10-02 11:36:01,278 - __main__ - INFO - found 469 proxies
2018-10-02 11:36:01,279 - __main__ - INFO - https://www.amazon.com/ask/questions/asin/B013Q1T6ZO
2018-10-02 11:36:01,453 - __main__ - WARNING - Robot Check received
2018-10-02 11:36:01,453 - __main__ - INFO - https://www.amazon.com/ask/questions/asin/B013Q1T6ZO
2018-10-02 11:36:01,625 - __main__ - WARNING - Robot Check received
2018-10-02 11:36:01,625 - __main__ - INFO - https://www.amazon.com/ask/questions/asin/B013Q1T6ZO
2018-10-02 11:36:02,200 - __main__ - INFO - found 0 questions for product B013Q1T6ZO
2018-10-02 11:36:02,200 - __main__ - INFO - failed 0 urls for product B013Q1T6ZO
2018-10-02 11:36:02,203 - __main__ - INFO - Examining product B06Y5VYF7V
2018-10-02 11:36:02,980 - __main__ - INFO - found 469 proxies
2018-10-02 11:36:02,980 - __main__ - INFO - https://www.amazon.com/ask/questions/asin/B06Y5VYF7V
2018-10-02 11:36:03,151 - __main__ - WARNING - Robot Check received
2018-10-02 11:36:03,151 - __main__ - INFO - https://www.amazon.com/ask/questions/asin/B06Y5VYF7V
2018-10-02 11:36:03,328 - __main__ - WARNING - Robot Check received
2018-10-02 11:36:03,328 - __main__ - INFO - https://www.amazon.com/ask/questions/asin/B06Y5VYF7V
2018-10-02 11:36:03,496 - __main__ - WARNING - Robot Check received
2018-10-02 11:36:03,497 - __main__ - INFO - https://www.amazon.com/ask/questions/asin/B06Y5VYF7V
2018-10-02 11:36:03,674 - __main__ - WARNING - Robot Check received
2018-10-02 11:36:03,674 - __main__ - INFO - https://www.amazon.com/ask/questions/asin/B06Y5VYF7V
2018-10-02 11:36:04,332 - __main__ - INFO - found 0 questions for product B06Y5VYF7V
2018-10-02 11:36:04,332 - __main__ - INFO - failed 0 urls for product B06Y5VYF7V
2018-10-02 11:36:04,334 - __main__ - INFO - Examining product B01M01SP89
2018-10-02 11:36:05,036 - __main__ - INFO - found 469 proxies
2018-10-02 11:36:05,036 - __main__ - INFO - https://www.amazon.com/ask/questions/asin/B01M01SP89
2018-10-02 11:36:05,733 - __main__ - INFO - found 0 questions for product B01M01SP89
2018-10-02 11:36:05,734 - __main__ - INFO - failed 0 urls for product B01M01SP89
